Building Catalog is possible, but warnings should be addressed before attempting to add components to pipe specs.

C:\Users\95053\Desktop\Hello World\Python-Autocad-Plant-3D\260414 Python Lecture\CustomScriptTutorial.xlsx
Errors
	Excel file contains no errors.
Warnings
	Support Compatible standard is empty
		CustomScriptTutorial
	Support DesignStd is empty
		CustomScriptTutorial
	Support Engagement length is empty in port1
		CustomScriptTutorial
	Support Pressure class is empty in port1
		CustomScriptTutorial
Summary
	0	Error
	12	Warnings
	1	Part Family
	3	Individual parts
	0	AutoCAD block graphic dependency
	0	Custom Script graphic dependency